Determining if the pthread_create exist failed with the following output:
Change Dir: /home/feilong/文档/workspace/fr/mjpg-streamer/cmake-build-debug/CMakeFiles/CMakeTmp

Run Build Command:"/usr/bin/make" "cmTC_e2959/fast"
/usr/bin/make -f CMakeFiles/cmTC_e2959.dir/build.make CMakeFiles/cmTC_e2959.dir/build
make[1]: Entering directory '/home/feilong/文档/workspace/fr/mjpg-streamer/cmake-build-debug/CMakeFiles/CMakeTmp'
Building C object CMakeFiles/cmTC_e2959.dir/CheckSymbolExists.c.o
/usr/bin/cc     -o CMakeFiles/cmTC_e2959.dir/CheckSymbolExists.c.o   -c /home/feilong/文档/workspace/fr/mjpg-streamer/cmake-build-debug/CMakeFiles/CMakeTmp/CheckSymbolExists.c
Linking C executable cmTC_e2959
/home/feilong/下载/clion-2017.1.1/bin/cmake/bin/cmake -E cmake_link_script CMakeFiles/cmTC_e2959.dir/link.txt --verbose=1
/usr/bin/cc       CMakeFiles/cmTC_e2959.dir/CheckSymbolExists.c.o  -o cmTC_e2959 -rdynamic 
CMakeFiles/cmTC_e2959.dir/CheckSymbolExists.c.o：在函数‘main’中：
CheckSymbolExists.c:(.text+0x16)：对‘pthread_create’未定义的引用
collect2: error: ld returned 1 exit status
CMakeFiles/cmTC_e2959.dir/build.make:97: recipe for target 'cmTC_e2959' failed
make[1]: *** [cmTC_e2959] Error 1
make[1]: Leaving directory '/home/feilong/文档/workspace/fr/mjpg-streamer/cmake-build-debug/CMakeFiles/CMakeTmp'
Makefile:126: recipe for target 'cmTC_e2959/fast' failed
make: *** [cmTC_e2959/fast] Error 2

File /home/feilong/文档/workspace/fr/mjpg-streamer/cmake-build-debug/CMakeFiles/CMakeTmp/CheckSymbolExists.c:
/* */
#include <pthread.h>

int main(int argc, char** argv)
{
  (void)argv;
#ifndef pthread_create
  return ((int*)(&pthread_create))[argc];
#else
  (void)argc;
  return 0;
#endif
}

Determining if the function pthread_create exists in the pthreads failed with the following output:
Change Dir: /home/feilong/文档/workspace/fr/mjpg-streamer/cmake-build-debug/CMakeFiles/CMakeTmp

Run Build Command:"/usr/bin/make" "cmTC_4dbab/fast"
/usr/bin/make -f CMakeFiles/cmTC_4dbab.dir/build.make CMakeFiles/cmTC_4dbab.dir/build
make[1]: Entering directory '/home/feilong/文档/workspace/fr/mjpg-streamer/cmake-build-debug/CMakeFiles/CMakeTmp'
Building C object CMakeFiles/cmTC_4dbab.dir/CheckFunctionExists.c.o
/usr/bin/cc    -DCHECK_FUNCTION_EXISTS=pthread_create   -o CMakeFiles/cmTC_4dbab.dir/CheckFunctionExists.c.o   -c /home/feilong/下载/clion-2017.1.1/bin/cmake/share/cmake-3.7/Modules/CheckFunctionExists.c
Linking C executable cmTC_4dbab
/home/feilong/下载/clion-2017.1.1/bin/cmake/bin/cmake -E cmake_link_script CMakeFiles/cmTC_4dbab.dir/link.txt --verbose=1
/usr/bin/cc   -DCHECK_FUNCTION_EXISTS=pthread_create    CMakeFiles/cmTC_4dbab.dir/CheckFunctionExists.c.o  -o cmTC_4dbab -rdynamic -lpthreads 
/usr/bin/ld: 找不到 -lpthreads
collect2: error: ld returned 1 exit status
CMakeFiles/cmTC_4dbab.dir/build.make:97: recipe for target 'cmTC_4dbab' failed
make[1]: *** [cmTC_4dbab] Error 1
make[1]: Leaving directory '/home/feilong/文档/workspace/fr/mjpg-streamer/cmake-build-debug/CMakeFiles/CMakeTmp'
Makefile:126: recipe for target 'cmTC_4dbab/fast' failed
make: *** [cmTC_4dbab/fast] Error 2


